<?xml version="1.0" encoding="UTF-8"?>
<testsuite xmlns:xsi="http://www.w3.org/2001/XMLSchema-instance" xsi:noNamespaceSchemaLocation="https://maven.apache.org/surefire/maven-surefire-plugin/xsd/surefire-test-report.xsd" name="com.marcinator.AppTest" time="0.051" tests="1" errors="0" skipped="0" failures="0">
  <properties>
    <property name="java.specification.version" value="17"/>
    <property name="sun.cpu.isalist" value="amd64"/>
    <property name="sun.jnu.encoding" value="Cp1252"/>
    <property name="java.class.path" value="C:\Users\marcj\Documents\_backup\programering\java\MarciPrint\target\test-classes;C:\Users\marcj\Documents\_backup\programering\java\MarciPrint\target\classes;C:\Users\marcj\.m2\repository\junit\junit\4.11\junit-4.11.jar;C:\Users\marcj\.m2\repository\org\hamcrest\hamcrest-core\1.3\hamcrest-core-1.3.jar;C:\Users\marcj\.m2\repository\org\ejml\ejml-all\0.38\ejml-all-0.38.jar;C:\Users\marcj\.m2\repository\com\google\code\findbugs\jsr305\3.0.2\jsr305-3.0.2.jar;C:\Users\marcj\.m2\repository\org\ejml\ejml-core\0.38\ejml-core-0.38.jar;C:\Users\marcj\.m2\repository\org\ejml\ejml-fdense\0.38\ejml-fdense-0.38.jar;C:\Users\marcj\.m2\repository\org\ejml\ejml-ddense\0.38\ejml-ddense-0.38.jar;C:\Users\marcj\.m2\repository\org\ejml\ejml-cdense\0.38\ejml-cdense-0.38.jar;C:\Users\marcj\.m2\repository\org\ejml\ejml-zdense\0.38\ejml-zdense-0.38.jar;C:\Users\marcj\.m2\repository\org\ejml\ejml-dsparse\0.38\ejml-dsparse-0.38.jar;C:\Users\marcj\.m2\repository\org\ejml\ejml-simple\0.38\ejml-simple-0.38.jar;C:\Users\marcj\.m2\repository\com\aventrix\jnanoid\jnanoid\2.0.0\jnanoid-2.0.0.jar;"/>
    <property name="java.vm.vendor" value="Eclipse Adoptium"/>
    <property name="sun.arch.data.model" value="64"/>
    <property name="user.variant" value=""/>
    <property name="java.vendor.url" value="https://adoptium.net/"/>
    <property name="user.timezone" value="Europe/Copenhagen"/>
    <property name="os.name" value="Windows 10"/>
    <property name="java.vm.specification.version" value="17"/>
    <property name="sun.java.launcher" value="SUN_STANDARD"/>
    <property name="user.country" value="US"/>
    <property name="sun.boot.library.path" value="C:\Program Files\Eclipse Adoptium\jdk-17.0.4.8-hotspot\bin"/>
    <property name="sun.java.command" value="C:\Users\marcj\AppData\Local\Temp\surefire5619982930723076644\surefirebooter2624941462676443335.jar C:\Users\marcj\AppData\Local\Temp\surefire5619982930723076644 2022-10-16T18-18-07_441-jvmRun1 surefire8924214014083925582tmp surefire_013471185165141531491tmp"/>
    <property name="jdk.debug" value="release"/>
    <property name="surefire.test.class.path" value="C:\Users\marcj\Documents\_backup\programering\java\MarciPrint\target\test-classes;C:\Users\marcj\Documents\_backup\programering\java\MarciPrint\target\classes;C:\Users\marcj\.m2\repository\junit\junit\4.11\junit-4.11.jar;C:\Users\marcj\.m2\repository\org\hamcrest\hamcrest-core\1.3\hamcrest-core-1.3.jar;C:\Users\marcj\.m2\repository\org\ejml\ejml-all\0.38\ejml-all-0.38.jar;C:\Users\marcj\.m2\repository\com\google\code\findbugs\jsr305\3.0.2\jsr305-3.0.2.jar;C:\Users\marcj\.m2\repository\org\ejml\ejml-core\0.38\ejml-core-0.38.jar;C:\Users\marcj\.m2\repository\org\ejml\ejml-fdense\0.38\ejml-fdense-0.38.jar;C:\Users\marcj\.m2\repository\org\ejml\ejml-ddense\0.38\ejml-ddense-0.38.jar;C:\Users\marcj\.m2\repository\org\ejml\ejml-cdense\0.38\ejml-cdense-0.38.jar;C:\Users\marcj\.m2\repository\org\ejml\ejml-zdense\0.38\ejml-zdense-0.38.jar;C:\Users\marcj\.m2\repository\org\ejml\ejml-dsparse\0.38\ejml-dsparse-0.38.jar;C:\Users\marcj\.m2\repository\org\ejml\ejml-simple\0.38\ejml-simple-0.38.jar;C:\Users\marcj\.m2\repository\com\aventrix\jnanoid\jnanoid\2.0.0\jnanoid-2.0.0.jar;"/>
    <property name="sun.cpu.endian" value="little"/>
    <property name="user.home" value="C:\Users\marcj"/>
    <property name="user.language" value="en"/>
    <property name="java.specification.vendor" value="Oracle Corporation"/>
    <property name="java.version.date" value="2022-07-19"/>
    <property name="java.home" value="C:\Program Files\Eclipse Adoptium\jdk-17.0.4.8-hotspot"/>
    <property name="file.separator" value="\"/>
    <property name="basedir" value="C:\Users\marcj\Documents\_backup\programering\java\MarciPrint"/>
    <property name="java.vm.compressedOopsMode" value="Zero based"/>
    <property name="line.separator" value="&#10;"/>
    <property name="java.vm.specification.vendor" value="Oracle Corporation"/>
    <property name="java.specification.name" value="Java Platform API Specification"/>
    <property name="surefire.real.class.path" value="C:\Users\marcj\AppData\Local\Temp\surefire5619982930723076644\surefirebooter2624941462676443335.jar"/>
    <property name="user.script" value=""/>
    <property name="sun.management.compiler" value="HotSpot 64-Bit Tiered Compilers"/>
    <property name="java.runtime.version" value="17.0.4+8"/>
    <property name="user.name" value="marcj"/>
    <property name="path.separator" value=";"/>
    <property name="os.version" value="10.0"/>
    <property name="java.runtime.name" value="OpenJDK Runtime Environment"/>
    <property name="file.encoding" value="Cp1252"/>
    <property name="java.vm.name" value="OpenJDK 64-Bit Server VM"/>
    <property name="java.vendor.version" value="Temurin-17.0.4+8"/>
    <property name="localRepository" value="C:\Users\marcj\.m2\repository"/>
    <property name="java.vendor.url.bug" value="https://github.com/adoptium/adoptium-support/issues"/>
    <property name="java.io.tmpdir" value="C:\Users\marcj\AppData\Local\Temp\"/>
    <property name="java.version" value="17.0.4"/>
    <property name="user.dir" value="C:\Users\marcj\Documents\_backup\programering\java\MarciPrint"/>
    <property name="os.arch" value="amd64"/>
    <property name="java.vm.specification.name" value="Java Virtual Machine Specification"/>
    <property name="sun.os.patch.level" value=""/>
    <property name="native.encoding" value="Cp1252"/>
    <property name="java.library.path" value="C:\Program Files\Eclipse Adoptium\jdk-17.0.4.8-hotspot\bin;C:\Windows\Sun\Java\bin;C:\Windows\system32;C:\Windows;C:\Program Files (x86)\VMware\VMware Player\bin\;C:\Program Files\Eclipse Adoptium\jdk-17.0.4.8-hotspot\bin;C:\Windows\system32;C:\Windows;C:\Windows\System32\Wbem;C:\Windows\System32\WindowsPowerShell\v1.0\;C:\Windows\System32\OpenSSH\;C:\Program Files\dotnet\;C:\Program Files\Microsoft SQL Server\150\Tools\Binn\;C:\Program Files\Microsoft SQL Server\Client SDK\ODBC\170\Tools\Binn\;C:\Program Files\Git\cmd;C:\Program Files\PuTTY\;C:\Program Files\Docker\Docker\resources\bin;C:\ProgramData\DockerDesktop\version-bin;C:\Users\marcj\bin;C:\Program Files\Inkscape\bin;C:\xampp\php;C:\ProgramData\ComposerSetup\bin;C:\Users\marcj\AppData\Roaming\nvm;C:\Program Files\nodejs;C:\Program Files\Maven\apache-maven-3.8.6\bin;C:\Program Files (x86)\Intel\Intel(R) Management Engine Components\DAL;C:\Program Files\Intel\Intel(R) Management Engine Components\DAL;C:\Program Files\NVIDIA Corporation\NVIDIA NvDLISR;C:\Users\marcj\scoop\shims;C:\Users\marcj\AppData\Local\pnpm;C:\Users\marcj\.cargo\bin;C:\Users\marcj\AppData\Local\Microsoft\WindowsApps;C:\Users\marcj\AppData\Local\Programs\Microsoft VS Code\bin;C:\Users\marcj\.dotnet\tools;C:\Program Files (x86)\heroku\bin;C:\Users\marcj\AppData\Roaming\Composer\vendor\bin;C:\Users\marcj\AppData\Roaming\nvm;C:\Program Files\nodejs;C:\Users\marcj\AppData\Local\JetBrains\Toolbox\scripts;;C:\Users\marcj\AppData\Local\JetBrains\Toolbox\apps\Fleet\ch-0\1.9.237\app;."/>
    <property name="java.vm.info" value="mixed mode, sharing"/>
    <property name="java.vendor" value="Eclipse Adoptium"/>
    <property name="java.vm.version" value="17.0.4+8"/>
    <property name="sun.io.unicode.encoding" value="UnicodeLittle"/>
    <property name="java.class.version" value="61.0"/>
  </properties>
  <testcase name="shouldAnswerWithTrue" classname="com.marcinator.AppTest" time="0.004"/>
</testsuite>